[2022-07-25 03:14:36] production.ERROR: file_get_contents(C:\Users\Lenovo\Documents\Tugas_Tantangan\Feby\WEB_-_API\WEB_&_API_PROPERTY\.env): Failed to open stream: No such file or directory {"exception":"[object] (ErrorException(code: 0): file_get_contents(C:\\Users\\Lenovo\\Documents\\Tugas_Tantangan\\Feby\\WEB_-_API\\WEB_&_API_PROPERTY\\.env): Failed to open stream: No such file or directory at C:\\Users\\Lenovo\\Documents\\Tugas_Tantangan\\Feby\\WEB_-_API\\WEB_&_API_PROPERTY\\vendor\\laravel\\framework\\src\\Illuminate\\Foundation\\Console\\KeyGenerateCommand.php:109)
[stacktrace]
#0 C:\\Users\\Lenovo\\Documents\\Tugas_Tantangan\\Feby\\WEB_-_API\\WEB_&_API_PROPERTY\\vendor\\laravel\\framework\\src\\Illuminate\\Foundation\\Bootstrap\\HandleExceptions.php(231): Illuminate\\Foundation\\Bootstrap\\HandleExceptions->handleError(2, 'file_get_conten...', 'C:\\\\Users\\\\Lenovo...', 109)
#1 [internal function]: Illuminate\\Foundation\\Bootstrap\\HandleExceptions->Illuminate\\Foundation\\Bootstrap\\{closure}(2, 'file_get_conten...', 'C:\\\\Users\\\\Lenovo...', 109)
#2 C:\\Users\\Lenovo\\Documents\\Tugas_Tantangan\\Feby\\WEB_-_API\\WEB_&_API_PROPERTY\\vendor\\laravel\\framework\\src\\Illuminate\\Foundation\\Console\\KeyGenerateCommand.php(109): file_get_contents('C:\\\\Users\\\\Lenovo...')
#3 C:\\Users\\Lenovo\\Documents\\Tugas_Tantangan\\Feby\\WEB_-_API\\WEB_&_API_PROPERTY\\vendor\\laravel\\framework\\src\\Illuminate\\Foundation\\Console\\KeyGenerateCommand.php(93): Illuminate\\Foundation\\Console\\KeyGenerateCommand->writeNewEnvironmentFileWith('base64:7XM9y9DC...')
#4 C:\\Users\\Lenovo\\Documents\\Tugas_Tantangan\\Feby\\WEB_-_API\\WEB_&_API_PROPERTY\\vendor\\laravel\\framework\\src\\Illuminate\\Foundation\\Console\\KeyGenerateCommand.php(58): Illuminate\\Foundation\\Console\\KeyGenerateCommand->setKeyInEnvironmentFile('base64:7XM9y9DC...')
#5 C:\\Users\\Lenovo\\Documents\\Tugas_Tantangan\\Feby\\WEB_-_API\\WEB_&_API_PROPERTY\\vendor\\laravel\\framework\\src\\Illuminate\\Container\\BoundMethod.php(36): Illuminate\\Foundation\\Console\\KeyGenerateCommand->handle()
#6 C:\\Users\\Lenovo\\Documents\\Tugas_Tantangan\\Feby\\WEB_-_API\\WEB_&_API_PROPERTY\\vendor\\laravel\\framework\\src\\Illuminate\\Container\\Util.php(41): Illuminate\\Container\\BoundMethod::Illuminate\\Container\\{closure}()
#7 C:\\Users\\Lenovo\\Documents\\Tugas_Tantangan\\Feby\\WEB_-_API\\WEB_&_API_PROPERTY\\vendor\\laravel\\framework\\src\\Illuminate\\Container\\BoundMethod.php(93): Illuminate\\Container\\Util::unwrapIfClosure(Object(Closure))
#8 C:\\Users\\Lenovo\\Documents\\Tugas_Tantangan\\Feby\\WEB_-_API\\WEB_&_API_PROPERTY\\vendor\\laravel\\framework\\src\\Illuminate\\Container\\BoundMethod.php(37): Illuminate\\Container\\BoundMethod::callBoundMethod(Object(Illuminate\\Foundation\\Application), Array, Object(Closure))
#9 C:\\Users\\Lenovo\\Documents\\Tugas_Tantangan\\Feby\\WEB_-_API\\WEB_&_API_PROPERTY\\vendor\\laravel\\framework\\src\\Illuminate\\Container\\Container.php(651): Illuminate\\Container\\BoundMethod::call(Object(Illuminate\\Foundation\\Application), Array, Array, NULL)
#10 C:\\Users\\Lenovo\\Documents\\Tugas_Tantangan\\Feby\\WEB_-_API\\WEB_&_API_PROPERTY\\vendor\\laravel\\framework\\src\\Illuminate\\Console\\Command.php(136): Illuminate\\Container\\Container->call(Array)
#11 C:\\Users\\Lenovo\\Documents\\Tugas_Tantangan\\Feby\\WEB_-_API\\WEB_&_API_PROPERTY\\vendor\\symfony\\console\\Command\\Command.php(291): Illuminate\\Console\\Command->execute(Object(Symfony\\Component\\Console\\Input\\ArgvInput), Object(Illuminate\\Console\\OutputStyle))
#12 C:\\Users\\Lenovo\\Documents\\Tugas_Tantangan\\Feby\\WEB_-_API\\WEB_&_API_PROPERTY\\vendor\\laravel\\framework\\src\\Illuminate\\Console\\Command.php(121): Symfony\\Component\\Console\\Command\\Command->run(Object(Symfony\\Component\\Console\\Input\\ArgvInput), Object(Illuminate\\Console\\OutputStyle))
#13 C:\\Users\\Lenovo\\Documents\\Tugas_Tantangan\\Feby\\WEB_-_API\\WEB_&_API_PROPERTY\\vendor\\symfony\\console\\Application.php(989): Illuminate\\Console\\Command->run(Object(Symfony\\Component\\Console\\Input\\ArgvInput), Object(Symfony\\Component\\Console\\Output\\ConsoleOutput))
#14 C:\\Users\\Lenovo\\Documents\\Tugas_Tantangan\\Feby\\WEB_-_API\\WEB_&_API_PROPERTY\\vendor\\symfony\\console\\Application.php(299): Symfony\\Component\\Console\\Application->doRunCommand(Object(Illuminate\\Foundation\\Console\\KeyGenerateCommand), Object(Symfony\\Component\\Console\\Input\\ArgvInput), Object(Symfony\\Component\\Console\\Output\\ConsoleOutput))
#15 C:\\Users\\Lenovo\\Documents\\Tugas_Tantangan\\Feby\\WEB_-_API\\WEB_&_API_PROPERTY\\vendor\\symfony\\console\\Application.php(171): Symfony\\Component\\Console\\Application->doRun(Object(Symfony\\Component\\Console\\Input\\ArgvInput), Object(Symfony\\Component\\Console\\Output\\ConsoleOutput))
#16 C:\\Users\\Lenovo\\Documents\\Tugas_Tantangan\\Feby\\WEB_-_API\\WEB_&_API_PROPERTY\\vendor\\laravel\\framework\\src\\Illuminate\\Console\\Application.php(102): Symfony\\Component\\Console\\Application->run(Object(Symfony\\Component\\Console\\Input\\ArgvInput), Object(Symfony\\Component\\Console\\Output\\ConsoleOutput))
#17 C:\\Users\\Lenovo\\Documents\\Tugas_Tantangan\\Feby\\WEB_-_API\\WEB_&_API_PROPERTY\\vendor\\laravel\\framework\\src\\Illuminate\\Foundation\\Console\\Kernel.php(129): Illuminate\\Console\\Application->run(Object(Symfony\\Component\\Console\\Input\\ArgvInput), Object(Symfony\\Component\\Console\\Output\\ConsoleOutput))
#18 C:\\Users\\Lenovo\\Documents\\Tugas_Tantangan\\Feby\\WEB_-_API\\WEB_&_API_PROPERTY\\artisan(37): Illuminate\\Foundation\\Console\\Kernel->handle(Object(Symfony\\Component\\Console\\Input\\ArgvInput), Object(Symfony\\Component\\Console\\Output\\ConsoleOutput))
#19 {main}
"} 
